<?xml version="1.0" encoding="UTF-8"?>
<testng-results ignored="0" total="1" passed="1" failed="0" skipped="0">
  <reporter-output>
    <line>
      <![CDATA[http://www.fb.com]]>
    </line>
    <line>
      <![CDATA[Facebook – log in or sign up]]>
    </line>
    <line>
      <![CDATA[A1]]>
    </line>
    <line>
      <![CDATA[admin]]>
    </line>
  </reporter-output>
  <suite started-at="2022-03-04T02:20:48Z" name="Suite" finished-at="2022-03-04T02:20:59Z" duration-ms="11046">
    <groups>
    </groups>
    <test started-at="2022-03-04T02:20:48Z" name="Test" finished-at="2022-03-04T02:20:59Z" duration-ms="11046">
      <class name="script.Test1">
        <test-method is-config="true" signature="openApp()[pri:0, instance:script.Test1@372ea2bc]" started-at="2022-03-04T02:20:48Z" name="openApp" finished-at="2022-03-04T02:20:56Z" duration-ms="7839" status="PASS">
          <reporter-output>
          </reporter-output>
        </test-method> <!-- openApp -->
        <test-method signature="testA()[pri:0, instance:script.Test1@372ea2bc]" started-at="2022-03-04T02:20:56Z" name="testA" finished-at="2022-03-04T02:20:57Z" duration-ms="1081" status="PASS">
          <reporter-output>
            <line>
              <![CDATA[http://www.fb.com]]>
            </line>
            <line>
              <![CDATA[Facebook – log in or sign up]]>
            </line>
            <line>
              <![CDATA[A1]]>
            </line>
            <line>
              <![CDATA[admin]]>
            </line>
          </reporter-output>
        </test-method> <!-- testA -->
        <test-method is-config="true" signature="closeApp()[pri:0, instance:script.Test1@372ea2bc]" started-at="2022-03-04T02:20:57Z" name="closeApp" finished-at="2022-03-04T02:20:59Z" duration-ms="2094" status="PASS">
          <reporter-output>
          </reporter-output>
        </test-method> <!-- closeApp -->
      </class> <!-- script.Test1 -->
    </test> <!-- Test -->
  </suite> <!-- Suite -->
</testng-results>
